[0.132s] DEBUG:colcon:Command line arguments: ['/usr/bin/colcon', 'build']
[0.132s] DEBUG:colcon:Parsed command line arguments: Namespace(log_base=None, log_level=None, verb_name='build', build_base='build', install_base='install', merge_install=False, symlink_install=False, test_result_base=None, continue_on_error=False, executor='parallel', parallel_workers=8, event_handlers=None, ignore_user_meta=False, metas=['./colcon.meta'], base_paths=['.'], packages_ignore=None, packages_ignore_regex=None, paths=None, packages_up_to=None, packages_up_to_regex=None, packages_above=None, packages_above_and_dependencies=None, packages_above_depth=None, packages_select_by_dep=None, packages_skip_by_dep=None, packages_skip_up_to=None, packages_select_build_failed=False, packages_skip_build_finished=False, packages_select_test_failures=False, packages_skip_test_passed=False, packages_select=None, packages_skip=None, packages_select_regex=None, packages_skip_regex=None, packages_start=None, packages_end=None, allow_overriding=[], cmake_args=None, cmake_target=None, cmake_target_skip_unavailable=False, cmake_clean_cache=False, cmake_clean_first=False, cmake_force_configure=False, ament_cmake_args=None, catkin_cmake_args=None, catkin_skip_building_tests=False, mixin_files=None, mixin=None, verb_parser=<colcon_mixin.mixin.mixin_argument.MixinArgumentDecorator object at 0x7f6b5b662e90>, verb_extension=<colcon_core.verb.build.BuildVerb object at 0x7f6b5b662920>, main=<bound method BuildVerb.main of <colcon_core.verb.build.BuildVerb object at 0x7f6b5b662920>>, mixin_verb=('build',))
[0.412s] Level 1:colcon.colcon_core.package_discovery:discover_packages(colcon_meta) check parameters
[0.412s] Level 1:colcon.colcon_core.package_discovery:discover_packages(recursive) check parameters
[0.412s] Level 1:colcon.colcon_core.package_discovery:discover_packages(ignore) check parameters
[0.412s] Level 1:colcon.colcon_core.package_discovery:discover_packages(path) check parameters
[0.412s] Level 1:colcon.colcon_core.package_discovery:discover_packages(colcon_meta) discover
[0.412s] Level 1:colcon.colcon_core.package_discovery:discover_packages(recursive) discover
[0.412s] INFO:colcon.colcon_core.package_discovery:Crawling recursively for packages in '/home/guilhermekohl/UAV-Window-Detection'
[0.412s] Level 1:colcon.colcon_core.package_identification:_identify(.) by extensions ['ignore', 'ignore_ament_install']
[0.412s] Level 1:colcon.colcon_core.package_identification:_identify(.) by extension 'ignore'
[0.412s] Level 1:colcon.colcon_core.package_identification:_identify(.) by extension 'ignore_ament_install'
[0.412s] Level 1:colcon.colcon_core.package_identification:_identify(.) by extensions ['colcon_pkg']
[0.412s] Level 1:colcon.colcon_core.package_identification:_identify(.) by extension 'colcon_pkg'
[0.412s] Level 1:colcon.colcon_core.package_identification:_identify(.) by extensions ['colcon_meta']
[0.412s] Level 1:colcon.colcon_core.package_identification:_identify(.) by extension 'colcon_meta'
[0.413s] Level 1:colcon.colcon_core.package_identification:_identify(.) by extensions ['ros']
[0.413s] Level 1:colcon.colcon_core.package_identification:_identify(.) by extension 'ros'
[0.434s] Level 1:colcon.colcon_core.package_identification:_identify(.) by extensions ['cmake', 'python']
[0.434s] Level 1:colcon.colcon_core.package_identification:_identify(.) by extension 'cmake'
[0.434s] Level 1:colcon.colcon_core.package_identification:_identify(.) by extension 'python'
[0.434s] Level 1:colcon.colcon_core.package_identification:_identify(.) by extensions ['python_setup_py']
[0.434s] Level 1:colcon.colcon_core.package_identification:_identify(.) by extension 'python_setup_py'
[0.434s] Level 1:colcon.colcon_core.package_identification:_identify(build) by extensions ['ignore', 'ignore_ament_install']
[0.435s] Level 1:colcon.colcon_core.package_identification:_identify(build) by extension 'ignore'
[0.435s] Level 1:colcon.colcon_core.package_identification:_identify(build) ignored
[0.435s] Level 1:colcon.colcon_core.package_identification:_identify(install) by extensions ['ignore', 'ignore_ament_install']
[0.435s] Level 1:colcon.colcon_core.package_identification:_identify(install) by extension 'ignore'
[0.435s] Level 1:colcon.colcon_core.package_identification:_identify(install) ignored
[0.435s] Level 1:colcon.colcon_core.package_identification:_identify(log) by extensions ['ignore', 'ignore_ament_install']
[0.435s] Level 1:colcon.colcon_core.package_identification:_identify(log) by extension 'ignore'
[0.435s] Level 1:colcon.colcon_core.package_identification:_identify(log) ignored
[0.435s] Level 1:colcon.colcon_core.package_identification:_identify(src) by extensions ['ignore', 'ignore_ament_install']
[0.435s] Level 1:colcon.colcon_core.package_identification:_identify(src) by extension 'ignore'
[0.435s] Level 1:colcon.colcon_core.package_identification:_identify(src) by extension 'ignore_ament_install'
[0.435s] Level 1:colcon.colcon_core.package_identification:_identify(src) by extensions ['colcon_pkg']
[0.435s] Level 1:colcon.colcon_core.package_identification:_identify(src) by extension 'colcon_pkg'
[0.436s] Level 1:colcon.colcon_core.package_identification:_identify(src) by extensions ['colcon_meta']
[0.436s] Level 1:colcon.colcon_core.package_identification:_identify(src) by extension 'colcon_meta'
[0.436s] Level 1:colcon.colcon_core.package_identification:_identify(src) by extensions ['ros']
[0.436s] Level 1:colcon.colcon_core.package_identification:_identify(src) by extension 'ros'
[0.436s] Level 1:colcon.colcon_core.package_identification:_identify(src) by extensions ['cmake', 'python']
[0.436s] Level 1:colcon.colcon_core.package_identification:_identify(src) by extension 'cmake'
[0.436s] Level 1:colcon.colcon_core.package_identification:_identify(src) by extension 'python'
[0.436s] Level 1:colcon.colcon_core.package_identification:_identify(src) by extensions ['python_setup_py']
[0.436s] Level 1:colcon.colcon_core.package_identification:_identify(src) by extension 'python_setup_py'
[0.436s] Level 1:colcon.colcon_core.package_identification:_identify(src/ROS2_PX4_Offboard) by extensions ['ignore', 'ignore_ament_install']
[0.436s] Level 1:colcon.colcon_core.package_identification:_identify(src/ROS2_PX4_Offboard) by extension 'ignore'
[0.436s] Level 1:colcon.colcon_core.package_identification:_identify(src/ROS2_PX4_Offboard) by extension 'ignore_ament_install'
[0.436s] Level 1:colcon.colcon_core.package_identification:_identify(src/ROS2_PX4_Offboard) by extensions ['colcon_pkg']
[0.436s] Level 1:colcon.colcon_core.package_identification:_identify(src/ROS2_PX4_Offboard) by extension 'colcon_pkg'
[0.436s] Level 1:colcon.colcon_core.package_identification:_identify(src/ROS2_PX4_Offboard) by extensions ['colcon_meta']
[0.436s] Level 1:colcon.colcon_core.package_identification:_identify(src/ROS2_PX4_Offboard) by extension 'colcon_meta'
[0.437s] Level 1:colcon.colcon_core.package_identification:_identify(src/ROS2_PX4_Offboard) by extensions ['ros']
[0.437s] Level 1:colcon.colcon_core.package_identification:_identify(src/ROS2_PX4_Offboard) by extension 'ros'
[0.437s] Level 1:colcon.colcon_core.package_identification:_identify(src/ROS2_PX4_Offboard) by extensions ['cmake', 'python']
[0.437s] Level 1:colcon.colcon_core.package_identification:_identify(src/ROS2_PX4_Offboard) by extension 'cmake'
[0.437s] Level 1:colcon.colcon_core.package_identification:_identify(src/ROS2_PX4_Offboard) by extension 'python'
[0.437s] Level 1:colcon.colcon_core.package_identification:_identify(src/ROS2_PX4_Offboard) by extensions ['python_setup_py']
[0.437s] Level 1:colcon.colcon_core.package_identification:_identify(src/ROS2_PX4_Offboard) by extension 'python_setup_py'
[0.437s] Level 1:colcon.colcon_core.package_identification:_identify(src/ROS2_PX4_Offboard/px4_offboard) by extensions ['ignore', 'ignore_ament_install']
[0.437s] Level 1:colcon.colcon_core.package_identification:_identify(src/ROS2_PX4_Offboard/px4_offboard) by extension 'ignore'
[0.437s] Level 1:colcon.colcon_core.package_identification:_identify(src/ROS2_PX4_Offboard/px4_offboard) by extension 'ignore_ament_install'
[0.437s] Level 1:colcon.colcon_core.package_identification:_identify(src/ROS2_PX4_Offboard/px4_offboard) by extensions ['colcon_pkg']
[0.437s] Level 1:colcon.colcon_core.package_identification:_identify(src/ROS2_PX4_Offboard/px4_offboard) by extension 'colcon_pkg'
[0.437s] Level 1:colcon.colcon_core.package_identification:_identify(src/ROS2_PX4_Offboard/px4_offboard) by extensions ['colcon_meta']
[0.437s] Level 1:colcon.colcon_core.package_identification:_identify(src/ROS2_PX4_Offboard/px4_offboard) by extension 'colcon_meta'
[0.437s] Level 1:colcon.colcon_core.package_identification:_identify(src/ROS2_PX4_Offboard/px4_offboard) by extensions ['ros']
[0.437s] Level 1:colcon.colcon_core.package_identification:_identify(src/ROS2_PX4_Offboard/px4_offboard) by extension 'ros'
[0.440s] DEBUG:colcon.colcon_core.package_identification:Package 'src/ROS2_PX4_Offboard/px4_offboard' with type 'ros.ament_python' and name 'px4_offboard'
[0.440s] Level 1:colcon.colcon_core.package_identification:_identify(src/px4_msgs) by extensions ['ignore', 'ignore_ament_install']
[0.440s] Level 1:colcon.colcon_core.package_identification:_identify(src/px4_msgs) by extension 'ignore'
[0.440s] Level 1:colcon.colcon_core.package_identification:_identify(src/px4_msgs) by extension 'ignore_ament_install'
[0.440s] Level 1:colcon.colcon_core.package_identification:_identify(src/px4_msgs) by extensions ['colcon_pkg']
[0.440s] Level 1:colcon.colcon_core.package_identification:_identify(src/px4_msgs) by extension 'colcon_pkg'
[0.441s] Level 1:colcon.colcon_core.package_identification:_identify(src/px4_msgs) by extensions ['colcon_meta']
[0.441s] Level 1:colcon.colcon_core.package_identification:_identify(src/px4_msgs) by extension 'colcon_meta'
[0.441s] Level 1:colcon.colcon_core.package_identification:_identify(src/px4_msgs) by extensions ['ros']
[0.441s] Level 1:colcon.colcon_core.package_identification:_identify(src/px4_msgs) by extension 'ros'
[0.441s] DEBUG:colcon.colcon_core.package_identification:Package 'src/px4_msgs' with type 'ros.ament_cmake' and name 'px4_msgs'
[0.442s] Level 1:colcon.colcon_core.package_discovery:discover_packages(recursive) using defaults
[0.442s] Level 1:colcon.colcon_core.package_discovery:discover_packages(ignore) discover
[0.442s] Level 1:colcon.colcon_core.package_discovery:discover_packages(ignore) using defaults
[0.442s] Level 1:colcon.colcon_core.package_discovery:discover_packages(path) discover
[0.442s] Level 1:colcon.colcon_core.package_discovery:discover_packages(path) using defaults
[0.463s] Level 1:colcon.colcon_core.package_discovery:discover_packages(prefix_path) check parameters
[0.463s] Level 1:colcon.colcon_core.package_discovery:discover_packages(prefix_path) discover
[0.465s] DEBUG:colcon.colcon_installed_package_information.package_discovery:Found 2 installed packages in /home/guilhermekohl/UAV-Window-Detection/install
[0.466s] DEBUG:colcon.colcon_installed_package_information.package_discovery:Found 288 installed packages in /opt/ros/humble
[0.469s] Level 1:colcon.colcon_core.package_discovery:discover_packages(prefix_path) using defaults
[0.520s] Level 5:colcon.colcon_core.verb:set package 'px4_msgs' build argument 'cmake_args' from command line to 'None'
[0.520s] Level 5:colcon.colcon_core.verb:set package 'px4_msgs' build argument 'cmake_target' from command line to 'None'
[0.520s] Level 5:colcon.colcon_core.verb:set package 'px4_msgs' build argument 'cmake_target_skip_unavailable' from command line to 'False'
[0.520s] Level 5:colcon.colcon_core.verb:set package 'px4_msgs' build argument 'cmake_clean_cache' from command line to 'False'
[0.521s] Level 5:colcon.colcon_core.verb:set package 'px4_msgs' build argument 'cmake_clean_first' from command line to 'False'
[0.521s] Level 5:colcon.colcon_core.verb:set package 'px4_msgs' build argument 'cmake_force_configure' from command line to 'False'
[0.521s] Level 5:colcon.colcon_core.verb:set package 'px4_msgs' build argument 'ament_cmake_args' from command line to 'None'
[0.521s] Level 5:colcon.colcon_core.verb:set package 'px4_msgs' build argument 'catkin_cmake_args' from command line to 'None'
[0.521s] Level 5:colcon.colcon_core.verb:set package 'px4_msgs' build argument 'catkin_skip_building_tests' from command line to 'False'
[0.521s] DEBUG:colcon.colcon_core.verb:Building package 'px4_msgs' with the following arguments: {'ament_cmake_args': None, 'build_base': '/home/guilhermekohl/UAV-Window-Detection/build/px4_msgs', 'catkin_cmake_args': None, 'catkin_skip_building_tests': False, 'cmake_args': None, 'cmake_clean_cache': False, 'cmake_clean_first': False, 'cmake_force_configure': False, 'cmake_target': None, 'cmake_target_skip_unavailable': False, 'install_base': '/home/guilhermekohl/UAV-Window-Detection/install/px4_msgs', 'merge_install': False, 'path': '/home/guilhermekohl/UAV-Window-Detection/src/px4_msgs', 'symlink_install': False, 'test_result_base': None}
[0.521s] Level 5:colcon.colcon_core.verb:set package 'px4_offboard' build argument 'cmake_args' from command line to 'None'
[0.521s] Level 5:colcon.colcon_core.verb:set package 'px4_offboard' build argument 'cmake_target' from command line to 'None'
[0.521s] Level 5:colcon.colcon_core.verb:set package 'px4_offboard' build argument 'cmake_target_skip_unavailable' from command line to 'False'
[0.521s] Level 5:colcon.colcon_core.verb:set package 'px4_offboard' build argument 'cmake_clean_cache' from command line to 'False'
[0.521s] Level 5:colcon.colcon_core.verb:set package 'px4_offboard' build argument 'cmake_clean_first' from command line to 'False'
[0.521s] Level 5:colcon.colcon_core.verb:set package 'px4_offboard' build argument 'cmake_force_configure' from command line to 'False'
[0.521s] Level 5:colcon.colcon_core.verb:set package 'px4_offboard' build argument 'ament_cmake_args' from command line to 'None'
[0.521s] Level 5:colcon.colcon_core.verb:set package 'px4_offboard' build argument 'catkin_cmake_args' from command line to 'None'
[0.522s] Level 5:colcon.colcon_core.verb:set package 'px4_offboard' build argument 'catkin_skip_building_tests' from command line to 'False'
[0.522s] DEBUG:colcon.colcon_core.verb:Building package 'px4_offboard' with the following arguments: {'ament_cmake_args': None, 'build_base': '/home/guilhermekohl/UAV-Window-Detection/build/px4_offboard', 'catkin_cmake_args': None, 'catkin_skip_building_tests': False, 'cmake_args': None, 'cmake_clean_cache': False, 'cmake_clean_first': False, 'cmake_force_configure': False, 'cmake_target': None, 'cmake_target_skip_unavailable': False, 'install_base': '/home/guilhermekohl/UAV-Window-Detection/install/px4_offboard', 'merge_install': False, 'path': '/home/guilhermekohl/UAV-Window-Detection/src/ROS2_PX4_Offboard/px4_offboard', 'symlink_install': False, 'test_result_base': None}
[0.522s] INFO:colcon.colcon_core.executor:Executing jobs using 'parallel' executor
[0.523s] DEBUG:colcon.colcon_parallel_executor.executor.parallel:run_until_complete
[0.523s] INFO:colcon.colcon_ros.task.ament_cmake.build:Building ROS package in '/home/guilhermekohl/UAV-Window-Detection/src/px4_msgs' with build type 'ament_cmake'
[0.523s] INFO:colcon.colcon_cmake.task.cmake.build:Building CMake package in '/home/guilhermekohl/UAV-Window-Detection/src/px4_msgs'
[0.526s] INFO:colcon.colcon_core.plugin_system:Skipping extension 'colcon_core.shell.bat': Not used on non-Windows systems
[0.526s] INFO:colcon.colcon_core.shell:Skip shell extension 'powershell' for command environment: Not usable outside of PowerShell
[0.526s] DEBUG:colcon.colcon_core.shell:Skip shell extension 'dsv' for command environment
[0.536s] DEBUG:colcon.colcon_core.event_handler.log_command:Invoking command in '/home/guilhermekohl/UAV-Window-Detection/build/px4_msgs': CMAKE_PREFIX_PATH=/opt/ros/humble:/home/guilhermekohl/UAV-Window-Detection/install/px4_offboard /usr/bin/cmake /home/guilhermekohl/UAV-Window-Detection/src/px4_msgs -DCMAKE_INSTALL_PREFIX=/home/guilhermekohl/UAV-Window-Detection/install/px4_msgs
[4.985s] DEBUG:colcon.colcon_core.event_handler.log_command:Invoked command in '/home/guilhermekohl/UAV-Window-Detection/build/px4_msgs' returned '0': CMAKE_PREFIX_PATH=/opt/ros/humble:/home/guilhermekohl/UAV-Window-Detection/install/px4_offboard /usr/bin/cmake /home/guilhermekohl/UAV-Window-Detection/src/px4_msgs -DCMAKE_INSTALL_PREFIX=/home/guilhermekohl/UAV-Window-Detection/install/px4_msgs
[4.988s] DEBUG:colcon.colcon_core.event_handler.log_command:Invoking command in '/home/guilhermekohl/UAV-Window-Detection/build/px4_msgs': CMAKE_PREFIX_PATH=/opt/ros/humble:/home/guilhermekohl/UAV-Window-Detection/install/px4_offboard /usr/bin/cmake --build /home/guilhermekohl/UAV-Window-Detection/build/px4_msgs -- -j8 -l8
[348.730s] DEBUG:colcon.colcon_core.event_handler.log_command:Invoked command in '/home/guilhermekohl/UAV-Window-Detection/build/px4_msgs' returned '0': CMAKE_PREFIX_PATH=/opt/ros/humble:/home/guilhermekohl/UAV-Window-Detection/install/px4_offboard /usr/bin/cmake --build /home/guilhermekohl/UAV-Window-Detection/build/px4_msgs -- -j8 -l8
[348.741s] DEBUG:colcon.colcon_core.event_handler.log_command:Invoking command in '/home/guilhermekohl/UAV-Window-Detection/build/px4_msgs': CMAKE_PREFIX_PATH=/opt/ros/humble:/home/guilhermekohl/UAV-Window-Detection/install/px4_offboard /usr/bin/cmake --install /home/guilhermekohl/UAV-Window-Detection/build/px4_msgs
[350.050s] Level 1:colcon.colcon_core.environment:create_environment_scripts_only(px4_msgs)
[350.051s] DEBUG:colcon.colcon_core.event_handler.log_command:Invoked command in '/home/guilhermekohl/UAV-Window-Detection/build/px4_msgs' returned '0': CMAKE_PREFIX_PATH=/opt/ros/humble:/home/guilhermekohl/UAV-Window-Detection/install/px4_offboard /usr/bin/cmake --install /home/guilhermekohl/UAV-Window-Detection/build/px4_msgs
[350.054s] Level 1:colcon.colcon_core.environment:checking '/home/guilhermekohl/UAV-Window-Detection/install/px4_msgs' for CMake module files
[350.055s] Level 1:colcon.colcon_core.environment:checking '/home/guilhermekohl/UAV-Window-Detection/install/px4_msgs' for CMake config files
[350.059s] Level 1:colcon.colcon_core.shell:create_environment_hook('px4_msgs', 'cmake_prefix_path')
[350.060s] INFO:colcon.colcon_core.shell:Creating environment hook '/home/guilhermekohl/UAV-Window-Detection/install/px4_msgs/share/px4_msgs/hook/cmake_prefix_path.ps1'
[350.060s] INFO:colcon.colcon_core.shell:Creating environment descriptor '/home/guilhermekohl/UAV-Window-Detection/install/px4_msgs/share/px4_msgs/hook/cmake_prefix_path.dsv'
[350.061s] INFO:colcon.colcon_core.shell:Creating environment hook '/home/guilhermekohl/UAV-Window-Detection/install/px4_msgs/share/px4_msgs/hook/cmake_prefix_path.sh'
[350.062s] Level 1:colcon.colcon_core.environment:checking '/home/guilhermekohl/UAV-Window-Detection/install/px4_msgs/lib'
[350.062s] Level 1:colcon.colcon_core.shell:create_environment_hook('px4_msgs', 'ld_library_path_lib')
[350.062s] INFO:colcon.colcon_core.shell:Creating environment hook '/home/guilhermekohl/UAV-Window-Detection/install/px4_msgs/share/px4_msgs/hook/ld_library_path_lib.ps1'
[350.063s] INFO:colcon.colcon_core.shell:Creating environment descriptor '/home/guilhermekohl/UAV-Window-Detection/install/px4_msgs/share/px4_msgs/hook/ld_library_path_lib.dsv'
[350.063s] INFO:colcon.colcon_core.shell:Creating environment hook '/home/guilhermekohl/UAV-Window-Detection/install/px4_msgs/share/px4_msgs/hook/ld_library_path_lib.sh'
[350.063s] Level 1:colcon.colcon_core.environment:checking '/home/guilhermekohl/UAV-Window-Detection/install/px4_msgs/bin'
[350.063s] Level 1:colcon.colcon_core.environment:checking '/home/guilhermekohl/UAV-Window-Detection/install/px4_msgs/lib/pkgconfig/px4_msgs.pc'
[350.064s] Level 1:colcon.colcon_core.environment:checking '/home/guilhermekohl/UAV-Window-Detection/install/px4_msgs/lib/python3.10/site-packages'
[350.064s] Level 1:colcon.colcon_core.environment:checking '/home/guilhermekohl/UAV-Window-Detection/install/px4_msgs/bin'
[350.064s] INFO:colcon.colcon_core.shell:Creating package script '/home/guilhermekohl/UAV-Window-Detection/install/px4_msgs/share/px4_msgs/package.ps1'
[350.065s] INFO:colcon.colcon_core.shell:Creating package descriptor '/home/guilhermekohl/UAV-Window-Detection/install/px4_msgs/share/px4_msgs/package.dsv'
[350.066s] INFO:colcon.colcon_core.shell:Creating package script '/home/guilhermekohl/UAV-Window-Detection/install/px4_msgs/share/px4_msgs/package.sh'
[350.067s] INFO:colcon.colcon_core.shell:Creating package script '/home/guilhermekohl/UAV-Window-Detection/install/px4_msgs/share/px4_msgs/package.bash'
[350.068s] INFO:colcon.colcon_core.shell:Creating package script '/home/guilhermekohl/UAV-Window-Detection/install/px4_msgs/share/px4_msgs/package.zsh'
[350.069s] Level 1:colcon.colcon_core.environment:create_file_with_runtime_dependencies(/home/guilhermekohl/UAV-Window-Detection/install/px4_msgs/share/colcon-core/packages/px4_msgs)
[350.069s] Level 1:colcon.colcon_core.environment:create_environment_scripts_only(px4_msgs)
[350.070s] Level 1:colcon.colcon_core.environment:checking '/home/guilhermekohl/UAV-Window-Detection/install/px4_msgs' for CMake module files
[350.071s] Level 1:colcon.colcon_core.environment:checking '/home/guilhermekohl/UAV-Window-Detection/install/px4_msgs' for CMake config files
[350.075s] Level 1:colcon.colcon_core.shell:create_environment_hook('px4_msgs', 'cmake_prefix_path')
[350.076s] INFO:colcon.colcon_core.shell:Creating environment hook '/home/guilhermekohl/UAV-Window-Detection/install/px4_msgs/share/px4_msgs/hook/cmake_prefix_path.ps1'
[350.076s] INFO:colcon.colcon_core.shell:Creating environment descriptor '/home/guilhermekohl/UAV-Window-Detection/install/px4_msgs/share/px4_msgs/hook/cmake_prefix_path.dsv'
[350.076s] INFO:colcon.colcon_core.shell:Creating environment hook '/home/guilhermekohl/UAV-Window-Detection/install/px4_msgs/share/px4_msgs/hook/cmake_prefix_path.sh'
[350.077s] Level 1:colcon.colcon_core.environment:checking '/home/guilhermekohl/UAV-Window-Detection/install/px4_msgs/lib'
[350.077s] Level 1:colcon.colcon_core.shell:create_environment_hook('px4_msgs', 'ld_library_path_lib')
[350.077s] INFO:colcon.colcon_core.shell:Creating environment hook '/home/guilhermekohl/UAV-Window-Detection/install/px4_msgs/share/px4_msgs/hook/ld_library_path_lib.ps1'
[350.078s] INFO:colcon.colcon_core.shell:Creating environment descriptor '/home/guilhermekohl/UAV-Window-Detection/install/px4_msgs/share/px4_msgs/hook/ld_library_path_lib.dsv'
[350.078s] INFO:colcon.colcon_core.shell:Creating environment hook '/home/guilhermekohl/UAV-Window-Detection/install/px4_msgs/share/px4_msgs/hook/ld_library_path_lib.sh'
[350.079s] Level 1:colcon.colcon_core.environment:checking '/home/guilhermekohl/UAV-Window-Detection/install/px4_msgs/bin'
[350.079s] Level 1:colcon.colcon_core.environment:checking '/home/guilhermekohl/UAV-Window-Detection/install/px4_msgs/lib/pkgconfig/px4_msgs.pc'
[350.079s] Level 1:colcon.colcon_core.environment:checking '/home/guilhermekohl/UAV-Window-Detection/install/px4_msgs/lib/python3.10/site-packages'
[350.079s] Level 1:colcon.colcon_core.environment:checking '/home/guilhermekohl/UAV-Window-Detection/install/px4_msgs/bin'
[350.080s] INFO:colcon.colcon_core.shell:Creating package script '/home/guilhermekohl/UAV-Window-Detection/install/px4_msgs/share/px4_msgs/package.ps1'
[350.080s] INFO:colcon.colcon_core.shell:Creating package descriptor '/home/guilhermekohl/UAV-Window-Detection/install/px4_msgs/share/px4_msgs/package.dsv'
[350.081s] INFO:colcon.colcon_core.shell:Creating package script '/home/guilhermekohl/UAV-Window-Detection/install/px4_msgs/share/px4_msgs/package.sh'
[350.081s] INFO:colcon.colcon_core.shell:Creating package script '/home/guilhermekohl/UAV-Window-Detection/install/px4_msgs/share/px4_msgs/package.bash'
[350.082s] INFO:colcon.colcon_core.shell:Creating package script '/home/guilhermekohl/UAV-Window-Detection/install/px4_msgs/share/px4_msgs/package.zsh'
[350.082s] Level 1:colcon.colcon_core.environment:create_file_with_runtime_dependencies(/home/guilhermekohl/UAV-Window-Detection/install/px4_msgs/share/colcon-core/packages/px4_msgs)
[350.083s] INFO:colcon.colcon_ros.task.ament_python.build:Building ROS package in '/home/guilhermekohl/UAV-Window-Detection/src/ROS2_PX4_Offboard/px4_offboard' with build type 'ament_python'
[350.083s] Level 1:colcon.colcon_core.shell:create_environment_hook('px4_offboard', 'ament_prefix_path')
[350.083s] INFO:colcon.colcon_core.shell:Creating environment hook '/home/guilhermekohl/UAV-Window-Detection/install/px4_offboard/share/px4_offboard/hook/ament_prefix_path.ps1'
[350.084s] INFO:colcon.colcon_core.shell:Creating environment descriptor '/home/guilhermekohl/UAV-Window-Detection/install/px4_offboard/share/px4_offboard/hook/ament_prefix_path.dsv'
[350.085s] INFO:colcon.colcon_core.shell:Creating environment hook '/home/guilhermekohl/UAV-Window-Detection/install/px4_offboard/share/px4_offboard/hook/ament_prefix_path.sh'
[350.085s] INFO:colcon.colcon_core.shell:Skip shell extension 'powershell' for command environment: Not usable outside of PowerShell
[350.085s] DEBUG:colcon.colcon_core.shell:Skip shell extension 'dsv' for command environment
[350.482s] INFO:colcon.colcon_core.task.python.build:Building Python package in '/home/guilhermekohl/UAV-Window-Detection/src/ROS2_PX4_Offboard/px4_offboard'
[350.482s] INFO:colcon.colcon_core.shell:Skip shell extension 'powershell' for command environment: Not usable outside of PowerShell
[350.482s] DEBUG:colcon.colcon_core.shell:Skip shell extension 'dsv' for command environment
[350.985s] DEBUG:colcon.colcon_core.event_handler.log_command:Invoking command in '/home/guilhermekohl/UAV-Window-Detection/src/ROS2_PX4_Offboard/px4_offboard': AMENT_PREFIX_PATH=/home/guilhermekohl/UAV-Window-Detection/install/px4_msgs:${AMENT_PREFIX_PATH} CMAKE_PREFIX_PATH=/home/guilhermekohl/UAV-Window-Detection/install/px4_msgs LD_LIBRARY_PATH=/home/guilhermekohl/UAV-Window-Detection/install/px4_msgs/lib:${LD_LIBRARY_PATH} PYTHONPATH=/home/guilhermekohl/UAV-Window-Detection/build/px4_offboard/prefix_override:/usr/lib/python3/dist-packages/colcon_core/task/python/colcon_distutils_commands:/home/guilhermekohl/UAV-Window-Detection/install/px4_offboard/lib/python3.10/site-packages:/home/guilhermekohl/UAV-Window-Detection/install/px4_msgs/local/lib/python3.10/dist-packages:${PYTHONPATH} /usr/bin/python3 -W ignore:setup.py install is deprecated -W ignore:easy_install command is deprecated setup.py egg_info --egg-base ../../../build/px4_offboard build --build-base /home/guilhermekohl/UAV-Window-Detection/build/px4_offboard/build install --record /home/guilhermekohl/UAV-Window-Detection/build/px4_offboard/install.log --single-version-externally-managed install_data
[351.418s] Level 1:colcon.colcon_core.environment:checking '/home/guilhermekohl/UAV-Window-Detection/install/px4_offboard' for CMake module files
[351.419s] DEBUG:colcon.colcon_core.event_handler.log_command:Invoked command in '/home/guilhermekohl/UAV-Window-Detection/src/ROS2_PX4_Offboard/px4_offboard' returned '0': AMENT_PREFIX_PATH=/home/guilhermekohl/UAV-Window-Detection/install/px4_msgs:${AMENT_PREFIX_PATH} CMAKE_PREFIX_PATH=/home/guilhermekohl/UAV-Window-Detection/install/px4_msgs LD_LIBRARY_PATH=/home/guilhermekohl/UAV-Window-Detection/install/px4_msgs/lib:${LD_LIBRARY_PATH} PYTHONPATH=/home/guilhermekohl/UAV-Window-Detection/build/px4_offboard/prefix_override:/usr/lib/python3/dist-packages/colcon_core/task/python/colcon_distutils_commands:/home/guilhermekohl/UAV-Window-Detection/install/px4_offboard/lib/python3.10/site-packages:/home/guilhermekohl/UAV-Window-Detection/install/px4_msgs/local/lib/python3.10/dist-packages:${PYTHONPATH} /usr/bin/python3 -W ignore:setup.py install is deprecated -W ignore:easy_install command is deprecated setup.py egg_info --egg-base ../../../build/px4_offboard build --build-base /home/guilhermekohl/UAV-Window-Detection/build/px4_offboard/build install --record /home/guilhermekohl/UAV-Window-Detection/build/px4_offboard/install.log --single-version-externally-managed install_data
[351.420s] Level 1:colcon.colcon_core.environment:checking '/home/guilhermekohl/UAV-Window-Detection/install/px4_offboard' for CMake config files
[351.422s] Level 1:colcon.colcon_core.environment:checking '/home/guilhermekohl/UAV-Window-Detection/install/px4_offboard/lib'
[351.422s] Level 1:colcon.colcon_core.environment:checking '/home/guilhermekohl/UAV-Window-Detection/install/px4_offboard/bin'
[351.422s] Level 1:colcon.colcon_core.environment:checking '/home/guilhermekohl/UAV-Window-Detection/install/px4_offboard/lib/pkgconfig/px4_offboard.pc'
[351.423s] Level 1:colcon.colcon_core.environment:checking '/home/guilhermekohl/UAV-Window-Detection/install/px4_offboard/lib/python3.10/site-packages'
[351.423s] Level 1:colcon.colcon_core.shell:create_environment_hook('px4_offboard', 'pythonpath')
[351.424s] INFO:colcon.colcon_core.shell:Creating environment hook '/home/guilhermekohl/UAV-Window-Detection/install/px4_offboard/share/px4_offboard/hook/pythonpath.ps1'
[351.425s] INFO:colcon.colcon_core.shell:Creating environment descriptor '/home/guilhermekohl/UAV-Window-Detection/install/px4_offboard/share/px4_offboard/hook/pythonpath.dsv'
[351.425s] INFO:colcon.colcon_core.shell:Creating environment hook '/home/guilhermekohl/UAV-Window-Detection/install/px4_offboard/share/px4_offboard/hook/pythonpath.sh'
[351.427s] Level 1:colcon.colcon_core.environment:checking '/home/guilhermekohl/UAV-Window-Detection/install/px4_offboard/bin'
[351.427s] Level 1:colcon.colcon_core.environment:create_environment_scripts_only(px4_offboard)
[351.427s] INFO:colcon.colcon_core.shell:Creating package script '/home/guilhermekohl/UAV-Window-Detection/install/px4_offboard/share/px4_offboard/package.ps1'
[351.428s] INFO:colcon.colcon_core.shell:Creating package descriptor '/home/guilhermekohl/UAV-Window-Detection/install/px4_offboard/share/px4_offboard/package.dsv'
[351.428s] INFO:colcon.colcon_core.shell:Creating package script '/home/guilhermekohl/UAV-Window-Detection/install/px4_offboard/share/px4_offboard/package.sh'
[351.429s] INFO:colcon.colcon_core.shell:Creating package script '/home/guilhermekohl/UAV-Window-Detection/install/px4_offboard/share/px4_offboard/package.bash'
[351.429s] INFO:colcon.colcon_core.shell:Creating package script '/home/guilhermekohl/UAV-Window-Detection/install/px4_offboard/share/px4_offboard/package.zsh'
[351.430s] Level 1:colcon.colcon_core.environment:create_file_with_runtime_dependencies(/home/guilhermekohl/UAV-Window-Detection/install/px4_offboard/share/colcon-core/packages/px4_offboard)
[351.430s] DEBUG:colcon.colcon_parallel_executor.executor.parallel:closing loop
[351.431s] DEBUG:colcon.colcon_parallel_executor.executor.parallel:loop closed
[351.431s] DEBUG:colcon.colcon_parallel_executor.executor.parallel:run_until_complete finished with '0'
[351.431s] DEBUG:colcon.colcon_core.event_reactor:joining thread
[351.442s] INFO:colcon.colcon_core.plugin_system:Skipping extension 'colcon_notification.desktop_notification.terminal_notifier': Not used on non-Darwin systems
[351.442s] INFO:colcon.colcon_core.plugin_system:Skipping extension 'colcon_notification.desktop_notification.win32': Not used on non-Windows systems
[351.442s] INFO:colcon.colcon_notification.desktop_notification:Sending desktop notification using 'notify2'
[351.464s] DEBUG:colcon.colcon_core.event_reactor:joined thread
[351.464s] INFO:colcon.colcon_core.shell:Creating prefix script '/home/guilhermekohl/UAV-Window-Detection/install/local_setup.ps1'
[351.467s] INFO:colcon.colcon_core.shell:Creating prefix util module '/home/guilhermekohl/UAV-Window-Detection/install/_local_setup_util_ps1.py'
[351.470s] INFO:colcon.colcon_core.shell:Creating prefix chain script '/home/guilhermekohl/UAV-Window-Detection/install/setup.ps1'
[351.473s] INFO:colcon.colcon_core.shell:Creating prefix script '/home/guilhermekohl/UAV-Window-Detection/install/local_setup.sh'
[351.474s] INFO:colcon.colcon_core.shell:Creating prefix util module '/home/guilhermekohl/UAV-Window-Detection/install/_local_setup_util_sh.py'
[351.476s] INFO:colcon.colcon_core.shell:Creating prefix chain script '/home/guilhermekohl/UAV-Window-Detection/install/setup.sh'
[351.478s] INFO:colcon.colcon_core.shell:Creating prefix script '/home/guilhermekohl/UAV-Window-Detection/install/local_setup.bash'
[351.480s] INFO:colcon.colcon_core.shell:Creating prefix chain script '/home/guilhermekohl/UAV-Window-Detection/install/setup.bash'
[351.482s] INFO:colcon.colcon_core.shell:Creating prefix script '/home/guilhermekohl/UAV-Window-Detection/install/local_setup.zsh'
[351.483s] INFO:colcon.colcon_core.shell:Creating prefix chain script '/home/guilhermekohl/UAV-Window-Detection/install/setup.zsh'
