/home/guilhermekohl/UAV-Window-Detection/install/px4_offboard/lib/python3.10/site-packages/px4_offboard/processes.py
/home/guilhermekohl/UAV-Window-Detection/install/px4_offboard/lib/python3.10/site-packages/px4_offboard/visualizer.py
/home/guilhermekohl/UAV-Window-Detection/install/px4_offboard/lib/python3.10/site-packages/px4_offboard/camera_view.py
/home/guilhermekohl/UAV-Window-Detection/install/px4_offboard/lib/python3.10/site-packages/px4_offboard/teleoperator.py
/home/guilhermekohl/UAV-Window-Detection/install/px4_offboard/lib/python3.10/site-packages/px4_offboard/velocity_control.py
/home/guilhermekohl/UAV-Window-Detection/install/px4_offboard/lib/python3.10/site-packages/px4_offboard/__init__.py
/home/guilhermekohl/UAV-Window-Detection/install/px4_offboard/lib/python3.10/site-packages/px4_offboard/capture.py
/home/guilhermekohl/UAV-Window-Detection/install/px4_offboard/lib/python3.10/site-packages/px4_offboard/__pycache__/processes.cpython-310.pyc
/home/guilhermekohl/UAV-Window-Detection/install/px4_offboard/lib/python3.10/site-packages/px4_offboard/__pycache__/visualizer.cpython-310.pyc
/home/guilhermekohl/UAV-Window-Detection/install/px4_offboard/lib/python3.10/site-packages/px4_offboard/__pycache__/camera_view.cpython-310.pyc
/home/guilhermekohl/UAV-Window-Detection/install/px4_offboard/lib/python3.10/site-packages/px4_offboard/__pycache__/teleoperator.cpython-310.pyc
/home/guilhermekohl/UAV-Window-Detection/install/px4_offboard/lib/python3.10/site-packages/px4_offboard/__pycache__/velocity_control.cpython-310.pyc
/home/guilhermekohl/UAV-Window-Detection/install/px4_offboard/lib/python3.10/site-packages/px4_offboard/__pycache__/__init__.cpython-310.pyc
/home/guilhermekohl/UAV-Window-Detection/install/px4_offboard/lib/python3.10/site-packages/px4_offboard/__pycache__/capture.cpython-310.pyc
/home/guilhermekohl/UAV-Window-Detection/install/px4_offboard/share/ament_index/resource_index/packages/px4_offboard
/home/guilhermekohl/UAV-Window-Detection/install/px4_offboard/share/ament_index/resource_index/packages/visualize.rviz
/home/guilhermekohl/UAV-Window-Detection/install/px4_offboard/share/px4_offboard/package.xml
/home/guilhermekohl/UAV-Window-Detection/install/px4_offboard/share/px4_offboard/offboard_velocity_control.launch.py
/home/guilhermekohl/UAV-Window-Detection/install/px4_offboard/share/px4_offboard/visualize.rviz
/home/guilhermekohl/UAV-Window-Detection/install/px4_offboard/lib/python3.10/site-packages/px4_offboard-0.0.0-py3.10.egg-info/SOURCES.txt
/home/guilhermekohl/UAV-Window-Detection/install/px4_offboard/lib/python3.10/site-packages/px4_offboard-0.0.0-py3.10.egg-info/dependency_links.txt
/home/guilhermekohl/UAV-Window-Detection/install/px4_offboard/lib/python3.10/site-packages/px4_offboard-0.0.0-py3.10.egg-info/entry_points.txt
/home/guilhermekohl/UAV-Window-Detection/install/px4_offboard/lib/python3.10/site-packages/px4_offboard-0.0.0-py3.10.egg-info/requires.txt
/home/guilhermekohl/UAV-Window-Detection/install/px4_offboard/lib/python3.10/site-packages/px4_offboard-0.0.0-py3.10.egg-info/zip-safe
/home/guilhermekohl/UAV-Window-Detection/install/px4_offboard/lib/python3.10/site-packages/px4_offboard-0.0.0-py3.10.egg-info/PKG-INFO
/home/guilhermekohl/UAV-Window-Detection/install/px4_offboard/lib/python3.10/site-packages/px4_offboard-0.0.0-py3.10.egg-info/top_level.txt
/home/guilhermekohl/UAV-Window-Detection/install/px4_offboard/lib/px4_offboard/offboard_control
/home/guilhermekohl/UAV-Window-Detection/install/px4_offboard/lib/px4_offboard/processes
/home/guilhermekohl/UAV-Window-Detection/install/px4_offboard/lib/px4_offboard/teleoperator
/home/guilhermekohl/UAV-Window-Detection/install/px4_offboard/lib/px4_offboard/velocity_control
/home/guilhermekohl/UAV-Window-Detection/install/px4_offboard/lib/px4_offboard/visualizer
