[0.010s] Invoking command in '/home/guilhermekohl/UAV-Window-Detection/build/px4_msgs': /usr/bin/cmake /home/guilhermekohl/UAV-Window-Detection/src/px4_msgs -DCMAKE_INSTALL_PREFIX=/home/guilhermekohl/UAV-Window-Detection/install/px4_msgs
[0.172s] -- The C compiler identification is GNU 11.4.0
[0.352s] -- The CXX compiler identification is GNU 11.4.0
[0.371s] -- Detecting C compiler ABI info
[0.446s] -- Detecting C compiler ABI info - done
[0.455s] -- Check for working C compiler: /usr/bin/cc - skipped
[0.456s] -- Detecting C compile features
[0.457s] -- Detecting C compile features - done
[0.461s] -- Detecting CXX compiler ABI info
[0.564s] -- Detecting CXX compiler ABI info - done
[0.573s] -- Check for working CXX compiler: /usr/bin/c++ - skipped
[0.574s] -- Detecting CXX compile features
[0.574s] -- Detecting CXX compile features - done
[0.586s] [31mCMake Error at CMakeLists.txt:11 (find_package):
[0.586s]   By not providing "Findament_cmake.cmake" in CMAKE_MODULE_PATH this project
[0.586s]   has asked CMake to find a package configuration file provided by
[0.586s]   "ament_cmake", but CMake did not find one.
[0.586s] 
[0.586s]   Could not find a package configuration file provided by "ament_cmake" with
[0.586s]   any of the following names:
[0.586s] 
[0.587s]     ament_cmakeConfig.cmake
[0.587s]     ament_cmake-config.cmake
[0.587s] 
[0.587s]   Add the installation prefix of "ament_cmake" to CMAKE_PREFIX_PATH or set
[0.587s]   "ament_cmake_DIR" to a directory containing one of the above files.  If
[0.587s]   "ament_cmake" provides a separate development package or SDK, be sure it
[0.587s]   has been installed.
[0.587s] 
[0.587s] [0m
[0.587s] -- Configuring incomplete, errors occurred!
[0.587s] See also "/home/guilhermekohl/UAV-Window-Detection/build/px4_msgs/CMakeFiles/CMakeOutput.log".
[0.589s] Invoked command in '/home/guilhermekohl/UAV-Window-Detection/build/px4_msgs' returned '1': /usr/bin/cmake /home/guilhermekohl/UAV-Window-Detection/src/px4_msgs -DCMAKE_INSTALL_PREFIX=/home/guilhermekohl/UAV-Window-Detection/install/px4_msgs
