running egg_info
creating ../../../build/px4_offboard/px4_offboard.egg-info
writing ../../../build/px4_offboard/px4_offboard.egg-info/PKG-INFO
writing dependency_links to ../../../build/px4_offboard/px4_offboard.egg-info/dependency_links.txt
writing entry points to ../../../build/px4_offboard/px4_offboard.egg-info/entry_points.txt
writing requirements to ../../../build/px4_offboard/px4_offboard.egg-info/requires.txt
writing top-level names to ../../../build/px4_offboard/px4_offboard.egg-info/top_level.txt
writing manifest file '../../../build/px4_offboard/px4_offboard.egg-info/SOURCES.txt'
reading manifest file '../../../build/px4_offboard/px4_offboard.egg-info/SOURCES.txt'
adding license file 'LICENSE'
writing manifest file '../../../build/px4_offboard/px4_offboard.egg-info/SOURCES.txt'
running build
running build_py
creating /home/guilhermekohl/UAV-Window-Detection/build/px4_offboard/build
creating /home/guilhermekohl/UAV-Window-Detection/build/px4_offboard/build/lib
creating /home/guilhermekohl/UAV-Window-Detection/build/px4_offboard/build/lib/px4_offboard
copying px4_offboard/processes.py -> /home/guilhermekohl/UAV-Window-Detection/build/px4_offboard/build/lib/px4_offboard
copying px4_offboard/visualizer.py -> /home/guilhermekohl/UAV-Window-Detection/build/px4_offboard/build/lib/px4_offboard
copying px4_offboard/camera_view.py -> /home/guilhermekohl/UAV-Window-Detection/build/px4_offboard/build/lib/px4_offboard
copying px4_offboard/teleoperator.py -> /home/guilhermekohl/UAV-Window-Detection/build/px4_offboard/build/lib/px4_offboard
copying px4_offboard/velocity_control.py -> /home/guilhermekohl/UAV-Window-Detection/build/px4_offboard/build/lib/px4_offboard
copying px4_offboard/__init__.py -> /home/guilhermekohl/UAV-Window-Detection/build/px4_offboard/build/lib/px4_offboard
copying px4_offboard/capture.py -> /home/guilhermekohl/UAV-Window-Detection/build/px4_offboard/build/lib/px4_offboard
running install
running install_lib
creating /home/guilhermekohl/UAV-Window-Detection/install/px4_offboard/lib/python3.10/site-packages/px4_offboard
copying /home/guilhermekohl/UAV-Window-Detection/build/px4_offboard/build/lib/px4_offboard/processes.py -> /home/guilhermekohl/UAV-Window-Detection/install/px4_offboard/lib/python3.10/site-packages/px4_offboard
copying /home/guilhermekohl/UAV-Window-Detection/build/px4_offboard/build/lib/px4_offboard/visualizer.py -> /home/guilhermekohl/UAV-Window-Detection/install/px4_offboard/lib/python3.10/site-packages/px4_offboard
copying /home/guilhermekohl/UAV-Window-Detection/build/px4_offboard/build/lib/px4_offboard/camera_view.py -> /home/guilhermekohl/UAV-Window-Detection/install/px4_offboard/lib/python3.10/site-packages/px4_offboard
copying /home/guilhermekohl/UAV-Window-Detection/build/px4_offboard/build/lib/px4_offboard/teleoperator.py -> /home/guilhermekohl/UAV-Window-Detection/install/px4_offboard/lib/python3.10/site-packages/px4_offboard
copying /home/guilhermekohl/UAV-Window-Detection/build/px4_offboard/build/lib/px4_offboard/velocity_control.py -> /home/guilhermekohl/UAV-Window-Detection/install/px4_offboard/lib/python3.10/site-packages/px4_offboard
copying /home/guilhermekohl/UAV-Window-Detection/build/px4_offboard/build/lib/px4_offboard/__init__.py -> /home/guilhermekohl/UAV-Window-Detection/install/px4_offboard/lib/python3.10/site-packages/px4_offboard
copying /home/guilhermekohl/UAV-Window-Detection/build/px4_offboard/build/lib/px4_offboard/capture.py -> /home/guilhermekohl/UAV-Window-Detection/install/px4_offboard/lib/python3.10/site-packages/px4_offboard
byte-compiling /home/guilhermekohl/UAV-Window-Detection/install/px4_offboard/lib/python3.10/site-packages/px4_offboard/processes.py to processes.cpython-310.pyc
byte-compiling /home/guilhermekohl/UAV-Window-Detection/install/px4_offboard/lib/python3.10/site-packages/px4_offboard/visualizer.py to visualizer.cpython-310.pyc
byte-compiling /home/guilhermekohl/UAV-Window-Detection/install/px4_offboard/lib/python3.10/site-packages/px4_offboard/camera_view.py to camera_view.cpython-310.pyc
byte-compiling /home/guilhermekohl/UAV-Window-Detection/install/px4_offboard/lib/python3.10/site-packages/px4_offboard/teleoperator.py to teleoperator.cpython-310.pyc
byte-compiling /home/guilhermekohl/UAV-Window-Detection/install/px4_offboard/lib/python3.10/site-packages/px4_offboard/velocity_control.py to velocity_control.cpython-310.pyc
byte-compiling /home/guilhermekohl/UAV-Window-Detection/install/px4_offboard/lib/python3.10/site-packages/px4_offboard/__init__.py to __init__.cpython-310.pyc
byte-compiling /home/guilhermekohl/UAV-Window-Detection/install/px4_offboard/lib/python3.10/site-packages/px4_offboard/capture.py to capture.cpython-310.pyc
running install_data
creating /home/guilhermekohl/UAV-Window-Detection/install/px4_offboard/share/ament_index
creating /home/guilhermekohl/UAV-Window-Detection/install/px4_offboard/share/ament_index/resource_index
creating /home/guilhermekohl/UAV-Window-Detection/install/px4_offboard/share/ament_index/resource_index/packages
copying resource/px4_offboard -> /home/guilhermekohl/UAV-Window-Detection/install/px4_offboard/share/ament_index/resource_index/packages
copying resource/visualize.rviz -> /home/guilhermekohl/UAV-Window-Detection/install/px4_offboard/share/ament_index/resource_index/packages
copying package.xml -> /home/guilhermekohl/UAV-Window-Detection/install/px4_offboard/share/px4_offboard
copying launch/offboard_velocity_control.launch.py -> /home/guilhermekohl/UAV-Window-Detection/install/px4_offboard/share/px4_offboard
copying resource/visualize.rviz -> /home/guilhermekohl/UAV-Window-Detection/install/px4_offboard/share/px4_offboard
running install_egg_info
Copying ../../../build/px4_offboard/px4_offboard.egg-info to /home/guilhermekohl/UAV-Window-Detection/install/px4_offboard/lib/python3.10/site-packages/px4_offboard-0.0.0-py3.10.egg-info
running install_scripts
Installing offboard_control script to /home/guilhermekohl/UAV-Window-Detection/install/px4_offboard/lib/px4_offboard
Installing processes script to /home/guilhermekohl/UAV-Window-Detection/install/px4_offboard/lib/px4_offboard
Installing teleoperator script to /home/guilhermekohl/UAV-Window-Detection/install/px4_offboard/lib/px4_offboard
Installing velocity_control script to /home/guilhermekohl/UAV-Window-Detection/install/px4_offboard/lib/px4_offboard
Installing visualizer script to /home/guilhermekohl/UAV-Window-Detection/install/px4_offboard/lib/px4_offboard
writing list of installed files to '/home/guilhermekohl/UAV-Window-Detection/build/px4_offboard/install.log'
