[0.009s] Invoking command in '/home/guilhermekohl/UAV-Window-Detection/build/px4_msgs': CMAKE_PREFIX_PATH=/home/guilhermekohl/UAV-Window-Detection/install/px4_offboard /usr/bin/cmake /home/guilhermekohl/UAV-Window-Detection/src/px4_msgs -DCMAKE_INSTALL_PREFIX=/home/guilhermekohl/UAV-Window-Detection/install/px4_msgs
[0.034s] [31mCMake Error at CMakeLists.txt:11 (find_package):
[0.035s]   By not providing "Findament_cmake.cmake" in CMAKE_MODULE_PATH this project
[0.035s]   has asked CMake to find a package configuration file provided by
[0.035s]   "ament_cmake", but CMake did not find one.
[0.035s] 
[0.035s]   Could not find a package configuration file provided by "ament_cmake" with
[0.035s]   any of the following names:
[0.035s] 
[0.035s]     ament_cmakeConfig.cmake
[0.035s]     ament_cmake-config.cmake
[0.035s] 
[0.035s]   Add the installation prefix of "ament_cmake" to CMAKE_PREFIX_PATH or set
[0.036s]   "ament_cmake_DIR" to a directory containing one of the above files.  If
[0.036s]   "ament_cmake" provides a separate development package or SDK, be sure it
[0.036s]   has been installed.
[0.037s] 
[0.037s] [0m
[0.037s] -- Configuring incomplete, errors occurred!
[0.038s] See also "/home/guilhermekohl/UAV-Window-Detection/build/px4_msgs/CMakeFiles/CMakeOutput.log".
[0.039s] Invoked command in '/home/guilhermekohl/UAV-Window-Detection/build/px4_msgs' returned '1': CMAKE_PREFIX_PATH=/home/guilhermekohl/UAV-Window-Detection/install/px4_offboard /usr/bin/cmake /home/guilhermekohl/UAV-Window-Detection/src/px4_msgs -DCMAKE_INSTALL_PREFIX=/home/guilhermekohl/UAV-Window-Detection/install/px4_msgs
