[0.120s] DEBUG:colcon:Command line arguments: ['/usr/bin/colcon', 'build']
[0.120s] DEBUG:colcon:Parsed command line arguments: Namespace(log_base=None, log_level=None, verb_name='build', build_base='build', install_base='install', merge_install=False, symlink_install=False, test_result_base=None, continue_on_error=False, executor='parallel', parallel_workers=8, event_handlers=None, ignore_user_meta=False, metas=['./colcon.meta'], base_paths=['.'], packages_ignore=None, packages_ignore_regex=None, paths=None, packages_up_to=None, packages_up_to_regex=None, packages_above=None, packages_above_and_dependencies=None, packages_above_depth=None, packages_select_by_dep=None, packages_skip_by_dep=None, packages_skip_up_to=None, packages_select_build_failed=False, packages_skip_build_finished=False, packages_select_test_failures=False, packages_skip_test_passed=False, packages_select=None, packages_skip=None, packages_select_regex=None, packages_skip_regex=None, packages_start=None, packages_end=None, allow_overriding=[], cmake_args=None, cmake_target=None, cmake_target_skip_unavailable=False, cmake_clean_cache=False, cmake_clean_first=False, cmake_force_configure=False, ament_cmake_args=None, catkin_cmake_args=None, catkin_skip_building_tests=False, mixin_files=None, mixin=None, verb_parser=<colcon_mixin.mixin.mixin_argument.MixinArgumentDecorator object at 0x7fa159d3a590>, verb_extension=<colcon_core.verb.build.BuildVerb object at 0x7fa159d3a020>, main=<bound method BuildVerb.main of <colcon_core.verb.build.BuildVerb object at 0x7fa159d3a020>>, mixin_verb=('build',))
[0.339s] Level 1:colcon.colcon_core.package_discovery:discover_packages(colcon_meta) check parameters
[0.339s] Level 1:colcon.colcon_core.package_discovery:discover_packages(recursive) check parameters
[0.340s] Level 1:colcon.colcon_core.package_discovery:discover_packages(ignore) check parameters
[0.340s] Level 1:colcon.colcon_core.package_discovery:discover_packages(path) check parameters
[0.340s] Level 1:colcon.colcon_core.package_discovery:discover_packages(colcon_meta) discover
[0.340s] Level 1:colcon.colcon_core.package_discovery:discover_packages(recursive) discover
[0.340s] INFO:colcon.colcon_core.package_discovery:Crawling recursively for packages in '/home/guilhermekohl/UAV-Window-Detection'
[0.340s] Level 1:colcon.colcon_core.package_identification:_identify(.) by extensions ['ignore', 'ignore_ament_install']
[0.340s] Level 1:colcon.colcon_core.package_identification:_identify(.) by extension 'ignore'
[0.340s] Level 1:colcon.colcon_core.package_identification:_identify(.) by extension 'ignore_ament_install'
[0.340s] Level 1:colcon.colcon_core.package_identification:_identify(.) by extensions ['colcon_pkg']
[0.340s] Level 1:colcon.colcon_core.package_identification:_identify(.) by extension 'colcon_pkg'
[0.340s] Level 1:colcon.colcon_core.package_identification:_identify(.) by extensions ['colcon_meta']
[0.340s] Level 1:colcon.colcon_core.package_identification:_identify(.) by extension 'colcon_meta'
[0.340s] Level 1:colcon.colcon_core.package_identification:_identify(.) by extensions ['ros']
[0.340s] Level 1:colcon.colcon_core.package_identification:_identify(.) by extension 'ros'
[0.352s] Level 1:colcon.colcon_core.package_identification:_identify(.) by extensions ['cmake', 'python']
[0.352s] Level 1:colcon.colcon_core.package_identification:_identify(.) by extension 'cmake'
[0.352s] Level 1:colcon.colcon_core.package_identification:_identify(.) by extension 'python'
[0.353s] Level 1:colcon.colcon_core.package_identification:_identify(.) by extensions ['python_setup_py']
[0.353s] Level 1:colcon.colcon_core.package_identification:_identify(.) by extension 'python_setup_py'
[0.353s] Level 1:colcon.colcon_core.package_identification:_identify(build) by extensions ['ignore', 'ignore_ament_install']
[0.353s] Level 1:colcon.colcon_core.package_identification:_identify(build) by extension 'ignore'
[0.353s] Level 1:colcon.colcon_core.package_identification:_identify(build) ignored
[0.353s] Level 1:colcon.colcon_core.package_identification:_identify(install) by extensions ['ignore', 'ignore_ament_install']
[0.353s] Level 1:colcon.colcon_core.package_identification:_identify(install) by extension 'ignore'
[0.353s] Level 1:colcon.colcon_core.package_identification:_identify(install) ignored
[0.353s] Level 1:colcon.colcon_core.package_identification:_identify(log) by extensions ['ignore', 'ignore_ament_install']
[0.353s] Level 1:colcon.colcon_core.package_identification:_identify(log) by extension 'ignore'
[0.353s] Level 1:colcon.colcon_core.package_identification:_identify(log) ignored
[0.354s] Level 1:colcon.colcon_core.package_identification:_identify(src) by extensions ['ignore', 'ignore_ament_install']
[0.354s] Level 1:colcon.colcon_core.package_identification:_identify(src) by extension 'ignore'
[0.354s] Level 1:colcon.colcon_core.package_identification:_identify(src) by extension 'ignore_ament_install'
[0.354s] Level 1:colcon.colcon_core.package_identification:_identify(src) by extensions ['colcon_pkg']
[0.354s] Level 1:colcon.colcon_core.package_identification:_identify(src) by extension 'colcon_pkg'
[0.354s] Level 1:colcon.colcon_core.package_identification:_identify(src) by extensions ['colcon_meta']
[0.354s] Level 1:colcon.colcon_core.package_identification:_identify(src) by extension 'colcon_meta'
[0.354s] Level 1:colcon.colcon_core.package_identification:_identify(src) by extensions ['ros']
[0.354s] Level 1:colcon.colcon_core.package_identification:_identify(src) by extension 'ros'
[0.354s] Level 1:colcon.colcon_core.package_identification:_identify(src) by extensions ['cmake', 'python']
[0.354s] Level 1:colcon.colcon_core.package_identification:_identify(src) by extension 'cmake'
[0.354s] Level 1:colcon.colcon_core.package_identification:_identify(src) by extension 'python'
[0.354s] Level 1:colcon.colcon_core.package_identification:_identify(src) by extensions ['python_setup_py']
[0.354s] Level 1:colcon.colcon_core.package_identification:_identify(src) by extension 'python_setup_py'
[0.354s] Level 1:colcon.colcon_core.package_identification:_identify(src/ROS2_PX4_Offboard) by extensions ['ignore', 'ignore_ament_install']
[0.354s] Level 1:colcon.colcon_core.package_identification:_identify(src/ROS2_PX4_Offboard) by extension 'ignore'
[0.355s] Level 1:colcon.colcon_core.package_identification:_identify(src/ROS2_PX4_Offboard) by extension 'ignore_ament_install'
[0.355s] Level 1:colcon.colcon_core.package_identification:_identify(src/ROS2_PX4_Offboard) by extensions ['colcon_pkg']
[0.355s] Level 1:colcon.colcon_core.package_identification:_identify(src/ROS2_PX4_Offboard) by extension 'colcon_pkg'
[0.355s] Level 1:colcon.colcon_core.package_identification:_identify(src/ROS2_PX4_Offboard) by extensions ['colcon_meta']
[0.355s] Level 1:colcon.colcon_core.package_identification:_identify(src/ROS2_PX4_Offboard) by extension 'colcon_meta'
[0.355s] Level 1:colcon.colcon_core.package_identification:_identify(src/ROS2_PX4_Offboard) by extensions ['ros']
[0.355s] Level 1:colcon.colcon_core.package_identification:_identify(src/ROS2_PX4_Offboard) by extension 'ros'
[0.355s] Level 1:colcon.colcon_core.package_identification:_identify(src/ROS2_PX4_Offboard) by extensions ['cmake', 'python']
[0.355s] Level 1:colcon.colcon_core.package_identification:_identify(src/ROS2_PX4_Offboard) by extension 'cmake'
[0.355s] Level 1:colcon.colcon_core.package_identification:_identify(src/ROS2_PX4_Offboard) by extension 'python'
[0.355s] Level 1:colcon.colcon_core.package_identification:_identify(src/ROS2_PX4_Offboard) by extensions ['python_setup_py']
[0.355s] Level 1:colcon.colcon_core.package_identification:_identify(src/ROS2_PX4_Offboard) by extension 'python_setup_py'
[0.355s] Level 1:colcon.colcon_core.package_identification:_identify(src/ROS2_PX4_Offboard/px4_offboard) by extensions ['ignore', 'ignore_ament_install']
[0.355s] Level 1:colcon.colcon_core.package_identification:_identify(src/ROS2_PX4_Offboard/px4_offboard) by extension 'ignore'
[0.355s] Level 1:colcon.colcon_core.package_identification:_identify(src/ROS2_PX4_Offboard/px4_offboard) by extension 'ignore_ament_install'
[0.355s] Level 1:colcon.colcon_core.package_identification:_identify(src/ROS2_PX4_Offboard/px4_offboard) by extensions ['colcon_pkg']
[0.356s] Level 1:colcon.colcon_core.package_identification:_identify(src/ROS2_PX4_Offboard/px4_offboard) by extension 'colcon_pkg'
[0.356s] Level 1:colcon.colcon_core.package_identification:_identify(src/ROS2_PX4_Offboard/px4_offboard) by extensions ['colcon_meta']
[0.356s] Level 1:colcon.colcon_core.package_identification:_identify(src/ROS2_PX4_Offboard/px4_offboard) by extension 'colcon_meta'
[0.356s] Level 1:colcon.colcon_core.package_identification:_identify(src/ROS2_PX4_Offboard/px4_offboard) by extensions ['ros']
[0.356s] Level 1:colcon.colcon_core.package_identification:_identify(src/ROS2_PX4_Offboard/px4_offboard) by extension 'ros'
[0.358s] DEBUG:colcon.colcon_core.package_identification:Package 'src/ROS2_PX4_Offboard/px4_offboard' with type 'ros.ament_python' and name 'px4_offboard'
[0.359s] Level 1:colcon.colcon_core.package_identification:_identify(src/px4_msgs) by extensions ['ignore', 'ignore_ament_install']
[0.359s] Level 1:colcon.colcon_core.package_identification:_identify(src/px4_msgs) by extension 'ignore'
[0.359s] Level 1:colcon.colcon_core.package_identification:_identify(src/px4_msgs) by extension 'ignore_ament_install'
[0.359s] Level 1:colcon.colcon_core.package_identification:_identify(src/px4_msgs) by extensions ['colcon_pkg']
[0.359s] Level 1:colcon.colcon_core.package_identification:_identify(src/px4_msgs) by extension 'colcon_pkg'
[0.359s] Level 1:colcon.colcon_core.package_identification:_identify(src/px4_msgs) by extensions ['colcon_meta']
[0.359s] Level 1:colcon.colcon_core.package_identification:_identify(src/px4_msgs) by extension 'colcon_meta'
[0.359s] Level 1:colcon.colcon_core.package_identification:_identify(src/px4_msgs) by extensions ['ros']
[0.359s] Level 1:colcon.colcon_core.package_identification:_identify(src/px4_msgs) by extension 'ros'
[0.360s] DEBUG:colcon.colcon_core.package_identification:Package 'src/px4_msgs' with type 'ros.ament_cmake' and name 'px4_msgs'
[0.360s] Level 1:colcon.colcon_core.package_discovery:discover_packages(recursive) using defaults
[0.360s] Level 1:colcon.colcon_core.package_discovery:discover_packages(ignore) discover
[0.360s] Level 1:colcon.colcon_core.package_discovery:discover_packages(ignore) using defaults
[0.360s] Level 1:colcon.colcon_core.package_discovery:discover_packages(path) discover
[0.360s] Level 1:colcon.colcon_core.package_discovery:discover_packages(path) using defaults
[0.391s] Level 1:colcon.colcon_core.package_discovery:discover_packages(prefix_path) check parameters
[0.391s] Level 1:colcon.colcon_core.package_discovery:discover_packages(prefix_path) discover
[0.393s] DEBUG:colcon.colcon_installed_package_information.package_discovery:Found 2 installed packages in /home/guilhermekohl/UAV-Window-Detection/install
[0.393s] Level 1:colcon.colcon_core.package_discovery:discover_packages(prefix_path) using defaults
[0.394s] Level 5:colcon.colcon_core.verb:set package 'px4_msgs' build argument 'cmake_args' from command line to 'None'
[0.394s] Level 5:colcon.colcon_core.verb:set package 'px4_msgs' build argument 'cmake_target' from command line to 'None'
[0.394s] Level 5:colcon.colcon_core.verb:set package 'px4_msgs' build argument 'cmake_target_skip_unavailable' from command line to 'False'
[0.394s] Level 5:colcon.colcon_core.verb:set package 'px4_msgs' build argument 'cmake_clean_cache' from command line to 'False'
[0.394s] Level 5:colcon.colcon_core.verb:set package 'px4_msgs' build argument 'cmake_clean_first' from command line to 'False'
[0.394s] Level 5:colcon.colcon_core.verb:set package 'px4_msgs' build argument 'cmake_force_configure' from command line to 'False'
[0.395s] Level 5:colcon.colcon_core.verb:set package 'px4_msgs' build argument 'ament_cmake_args' from command line to 'None'
[0.395s] Level 5:colcon.colcon_core.verb:set package 'px4_msgs' build argument 'catkin_cmake_args' from command line to 'None'
[0.395s] Level 5:colcon.colcon_core.verb:set package 'px4_msgs' build argument 'catkin_skip_building_tests' from command line to 'False'
[0.395s] DEBUG:colcon.colcon_core.verb:Building package 'px4_msgs' with the following arguments: {'ament_cmake_args': None, 'build_base': '/home/guilhermekohl/UAV-Window-Detection/build/px4_msgs', 'catkin_cmake_args': None, 'catkin_skip_building_tests': False, 'cmake_args': None, 'cmake_clean_cache': False, 'cmake_clean_first': False, 'cmake_force_configure': False, 'cmake_target': None, 'cmake_target_skip_unavailable': False, 'install_base': '/home/guilhermekohl/UAV-Window-Detection/install/px4_msgs', 'merge_install': False, 'path': '/home/guilhermekohl/UAV-Window-Detection/src/px4_msgs', 'symlink_install': False, 'test_result_base': None}
[0.395s] Level 5:colcon.colcon_core.verb:set package 'px4_offboard' build argument 'cmake_args' from command line to 'None'
[0.395s] Level 5:colcon.colcon_core.verb:set package 'px4_offboard' build argument 'cmake_target' from command line to 'None'
[0.395s] Level 5:colcon.colcon_core.verb:set package 'px4_offboard' build argument 'cmake_target_skip_unavailable' from command line to 'False'
[0.395s] Level 5:colcon.colcon_core.verb:set package 'px4_offboard' build argument 'cmake_clean_cache' from command line to 'False'
[0.395s] Level 5:colcon.colcon_core.verb:set package 'px4_offboard' build argument 'cmake_clean_first' from command line to 'False'
[0.395s] Level 5:colcon.colcon_core.verb:set package 'px4_offboard' build argument 'cmake_force_configure' from command line to 'False'
[0.395s] Level 5:colcon.colcon_core.verb:set package 'px4_offboard' build argument 'ament_cmake_args' from command line to 'None'
[0.395s] Level 5:colcon.colcon_core.verb:set package 'px4_offboard' build argument 'catkin_cmake_args' from command line to 'None'
[0.395s] Level 5:colcon.colcon_core.verb:set package 'px4_offboard' build argument 'catkin_skip_building_tests' from command line to 'False'
[0.395s] DEBUG:colcon.colcon_core.verb:Building package 'px4_offboard' with the following arguments: {'ament_cmake_args': None, 'build_base': '/home/guilhermekohl/UAV-Window-Detection/build/px4_offboard', 'catkin_cmake_args': None, 'catkin_skip_building_tests': False, 'cmake_args': None, 'cmake_clean_cache': False, 'cmake_clean_first': False, 'cmake_force_configure': False, 'cmake_target': None, 'cmake_target_skip_unavailable': False, 'install_base': '/home/guilhermekohl/UAV-Window-Detection/install/px4_offboard', 'merge_install': False, 'path': '/home/guilhermekohl/UAV-Window-Detection/src/ROS2_PX4_Offboard/px4_offboard', 'symlink_install': False, 'test_result_base': None}
[0.396s] INFO:colcon.colcon_core.executor:Executing jobs using 'parallel' executor
[0.397s] DEBUG:colcon.colcon_parallel_executor.executor.parallel:run_until_complete
[0.397s] INFO:colcon.colcon_ros.task.ament_cmake.build:Building ROS package in '/home/guilhermekohl/UAV-Window-Detection/src/px4_msgs' with build type 'ament_cmake'
[0.397s] INFO:colcon.colcon_cmake.task.cmake.build:Building CMake package in '/home/guilhermekohl/UAV-Window-Detection/src/px4_msgs'
[0.400s] INFO:colcon.colcon_core.plugin_system:Skipping extension 'colcon_core.shell.bat': Not used on non-Windows systems
[0.400s] INFO:colcon.colcon_core.shell:Skip shell extension 'powershell' for command environment: Not usable outside of PowerShell
[0.400s] DEBUG:colcon.colcon_core.shell:Skip shell extension 'dsv' for command environment
[0.408s] DEBUG:colcon.colcon_core.event_handler.log_command:Invoking command in '/home/guilhermekohl/UAV-Window-Detection/build/px4_msgs': CMAKE_PREFIX_PATH=/home/guilhermekohl/UAV-Window-Detection/install/px4_offboard /usr/bin/cmake /home/guilhermekohl/UAV-Window-Detection/src/px4_msgs -DCMAKE_INSTALL_PREFIX=/home/guilhermekohl/UAV-Window-Detection/install/px4_msgs
[0.437s] DEBUG:colcon.colcon_core.event_handler.log_command:Invoked command in '/home/guilhermekohl/UAV-Window-Detection/build/px4_msgs' returned '1': CMAKE_PREFIX_PATH=/home/guilhermekohl/UAV-Window-Detection/install/px4_offboard /usr/bin/cmake /home/guilhermekohl/UAV-Window-Detection/src/px4_msgs -DCMAKE_INSTALL_PREFIX=/home/guilhermekohl/UAV-Window-Detection/install/px4_msgs
[0.449s] Level 1:colcon.colcon_core.environment:create_environment_scripts_only(px4_msgs)
[0.451s] Level 1:colcon.colcon_core.environment:checking '/home/guilhermekohl/UAV-Window-Detection/install/px4_msgs' for CMake module files
[0.452s] Level 1:colcon.colcon_core.environment:checking '/home/guilhermekohl/UAV-Window-Detection/install/px4_msgs' for CMake config files
[0.452s] Level 1:colcon.colcon_core.environment:checking '/home/guilhermekohl/UAV-Window-Detection/install/px4_msgs/bin'
[0.452s] Level 1:colcon.colcon_core.environment:checking '/home/guilhermekohl/UAV-Window-Detection/install/px4_msgs/lib/pkgconfig/px4_msgs.pc'
[0.454s] Level 1:colcon.colcon_core.environment:checking '/home/guilhermekohl/UAV-Window-Detection/install/px4_msgs/lib/python3.10/site-packages'
[0.454s] Level 1:colcon.colcon_core.environment:checking '/home/guilhermekohl/UAV-Window-Detection/install/px4_msgs/bin'
[0.454s] INFO:colcon.colcon_core.shell:Creating package script '/home/guilhermekohl/UAV-Window-Detection/install/px4_msgs/share/px4_msgs/package.ps1'
[0.455s] INFO:colcon.colcon_core.shell:Creating package descriptor '/home/guilhermekohl/UAV-Window-Detection/install/px4_msgs/share/px4_msgs/package.dsv'
[0.456s] INFO:colcon.colcon_core.shell:Creating package script '/home/guilhermekohl/UAV-Window-Detection/install/px4_msgs/share/px4_msgs/package.sh'
[0.456s] INFO:colcon.colcon_core.shell:Creating package script '/home/guilhermekohl/UAV-Window-Detection/install/px4_msgs/share/px4_msgs/package.bash'
[0.457s] INFO:colcon.colcon_core.shell:Creating package script '/home/guilhermekohl/UAV-Window-Detection/install/px4_msgs/share/px4_msgs/package.zsh'
[0.458s] Level 1:colcon.colcon_core.environment:create_file_with_runtime_dependencies(/home/guilhermekohl/UAV-Window-Detection/install/px4_msgs/share/colcon-core/packages/px4_msgs)
[0.469s] DEBUG:colcon.colcon_parallel_executor.executor.parallel:closing loop
[0.469s] DEBUG:colcon.colcon_parallel_executor.executor.parallel:loop closed
[0.469s] DEBUG:colcon.colcon_parallel_executor.executor.parallel:run_until_complete finished with '1'
[0.469s] DEBUG:colcon.colcon_core.event_reactor:joining thread
[0.480s] INFO:colcon.colcon_core.plugin_system:Skipping extension 'colcon_notification.desktop_notification.terminal_notifier': Not used on non-Darwin systems
[0.480s] INFO:colcon.colcon_core.plugin_system:Skipping extension 'colcon_notification.desktop_notification.win32': Not used on non-Windows systems
[0.480s] INFO:colcon.colcon_notification.desktop_notification:Sending desktop notification using 'notify2'
[0.496s] DEBUG:colcon.colcon_core.event_reactor:joined thread
[0.496s] INFO:colcon.colcon_core.shell:Creating prefix script '/home/guilhermekohl/UAV-Window-Detection/install/local_setup.ps1'
[0.498s] INFO:colcon.colcon_core.shell:Creating prefix util module '/home/guilhermekohl/UAV-Window-Detection/install/_local_setup_util_ps1.py'
[0.499s] INFO:colcon.colcon_core.shell:Creating prefix chain script '/home/guilhermekohl/UAV-Window-Detection/install/setup.ps1'
[0.500s] INFO:colcon.colcon_core.shell:Creating prefix script '/home/guilhermekohl/UAV-Window-Detection/install/local_setup.sh'
[0.501s] INFO:colcon.colcon_core.shell:Creating prefix util module '/home/guilhermekohl/UAV-Window-Detection/install/_local_setup_util_sh.py'
[0.502s] INFO:colcon.colcon_core.shell:Creating prefix chain script '/home/guilhermekohl/UAV-Window-Detection/install/setup.sh'
[0.503s] INFO:colcon.colcon_core.shell:Creating prefix script '/home/guilhermekohl/UAV-Window-Detection/install/local_setup.bash'
[0.503s] INFO:colcon.colcon_core.shell:Creating prefix chain script '/home/guilhermekohl/UAV-Window-Detection/install/setup.bash'
[0.504s] INFO:colcon.colcon_core.shell:Creating prefix script '/home/guilhermekohl/UAV-Window-Detection/install/local_setup.zsh'
[0.505s] INFO:colcon.colcon_core.shell:Creating prefix chain script '/home/guilhermekohl/UAV-Window-Detection/install/setup.zsh'
